\BOOKMARK [0][-]{section*.1}{List of Source Code Listings}{}% 1
\BOOKMARK [0][-]{section*.2}{List of Figures}{}% 2
\BOOKMARK [-1][-]{part.1}{I Project Organization and Workflow}{}% 3
\BOOKMARK [0][-]{chapter.1}{Overview}{part.1}% 4
\BOOKMARK [1][-]{section.1.1}{Context}{chapter.1}% 5
\BOOKMARK [1][-]{section.1.2}{Goals and Non-Goals}{chapter.1}% 6
\BOOKMARK [0][-]{chapter.2}{Milestones and Events}{part.1}% 7
\BOOKMARK [0][-]{chapter.3}{Dependencies}{part.1}% 8
\BOOKMARK [-1][-]{part.2}{II Machinery}{}% 9
\BOOKMARK [0][-]{chapter.4}{Overview}{part.2}% 10
\BOOKMARK [1][-]{section.4.1}{Genetics}{chapter.4}% 11
\BOOKMARK [2][-]{subsection.4.1.1}{Genes}{section.4.1}% 12
\BOOKMARK [2][-]{subsection.4.1.2}{Genome}{section.4.1}% 13
\BOOKMARK [2][-]{subsection.4.1.3}{Open-Questions}{section.4.1}% 14
\BOOKMARK [1][-]{section.4.2}{Physical}{chapter.4}% 15
\BOOKMARK [2][-]{subsection.4.2.1}{Body}{section.4.2}% 16
\BOOKMARK [2][-]{subsection.4.2.2}{Creature}{section.4.2}% 17
\BOOKMARK [2][-]{subsection.4.2.3}{Environment}{section.4.2}% 18
\BOOKMARK [2][-]{subsection.4.2.4}{Scenario}{section.4.2}% 19
\BOOKMARK [1][-]{section.4.3}{Algorithm}{chapter.4}% 20
\BOOKMARK [2][-]{subsection.4.3.1}{Population}{section.4.3}% 21
\BOOKMARK [1][-]{section.4.4}{Viewer}{chapter.4}% 22
\BOOKMARK [1][-]{section.4.5}{Special Details}{chapter.4}% 23
\BOOKMARK [-1][-]{part.3}{III Physics}{}% 24
\BOOKMARK [0][-]{chapter.5}{Diffusion}{part.3}% 25
\BOOKMARK [0][-]{chapter.6}{Vision}{part.3}% 26
\BOOKMARK [-1][-]{part.4}{IV Discoveries}{}% 27
